{"name": "test_signUp[testData0]", "status": "failed", "statusDetails": {"message": "AssertionError", "trace": "self = <TestCases.test_signUpPage.TestValidateSignUp object at 0x00000299E5693DF0>\ntestData = ['Pardeep Kumar', 'test6@test.com', 'Test!123', 'DevOps,Testing', 'Male', 'Himachal Pradesh']\n\n    def test_signUp(self, testData):\n        _log = Log.logger()\n        _log.info(\"Execution of Test case User Sign Up started\")\n        # print(testData)\n        signup = SignUp(self.driver)\n        _log.info(\"SignUp class object created successfully\")\n    \n        signup.clickSignUplink()\n        _log.info(\"SignUp link clicked successfully\")\n    \n        signup.enterName(testData[0])\n        _log.info(f\"User entered {testData[0]} in Name input field\")\n    \n        signup.enterEmail(testData[1])\n        _log.info(f\"User entered {testData[1]} in Email input field\")\n    \n        signup.enterPassword(testData[2])\n        _log.info(f\"User entered {testData[2]} in Password input field\")\n    \n        signup.chooseInterest(testData[3])\n        _log.info(f\"User Chosed {testData[0]} in Interest successfully\")\n    \n        signup.chooseGender(testData[4])\n        _log.info(f\"User Chosed {testData[0]} in Gender successfully\")\n    \n        signup.selectState(testData[5])\n        _log.info(f\"User selected {testData[5]} state successfully\")\n    \n        signup.clickSignUpBtn()\n        _log.info(f\"User clicked sign up button successfully\")\n    \n>       signup.validateSignUp('login')\n\nTestCases\\test_signUpPage.py:61: \n_ _ _ _ _ _ _ _ _ _ _ _ _ _ _ _ _ _ _ _ _ _ _ _ _ _ _ _ _ _ _ _ _ _ _ _ _ _ _ _ _ _ _ _ _ _ _ _ _ _ _ _ _ _ _ _ _ _ _ _ _ _ _ _ _ _ _ _ _ _ _ _ _ _ _ _\n\nself = <Pages.SignUpPage.SignUp object at 0x00000299E56E9480>, expectedValidationText = 'login'\n\n    def validateSignUp(self, expectedValidationText):\n        time.sleep(2)\n        url = self.driver.current_url\n        if expectedValidationText in url:\n            assert True\n        else:\n            print(url)\n            CommonMethods.captureScreenshot(self, 'SignUpPage')\n>           assert False\nE           AssertionError\n\nPages\\SignUpPage.py:72: AssertionError"}, "attachments": [{"name": "SignUpPage", "source": "ca3ebc58-6ac0-4323-958e-a64a5366b9f2-attachment.png", "type": "image/png"}, {"name": "log", "source": "3d4432e0-b9a9-4a17-be39-042a8e6eb7c3-attachment.txt", "type": "text/plain"}], "parameters": [{"name": "testData", "value": "['Pardeep Kumar', 'test6@test.com', 'Test!123', 'DevOps,Testing', 'Male', 'Himachal Pradesh']"}], "start": 1676043648301, "stop": 1676043653159, "uuid": "2c9cc826-d74b-47c5-b47a-f5db782de27f", "historyId": "f5e870496dc2758e44527120f66832f5", "testCaseId": "58d9eb94d866eea44b70f959ffe51b45", "fullName": "TestCases.test_signUpPage.TestValidateSignUp#test_signUp", "labels": [{"name": "tag", "value": "@pytest.mark.usefixtures('setup')"}, {"name": "tag", "value": "order(1)"}, {"name": "parentSuite", "value": "TestCases"}, {"name": "suite", "value": "test_signUpPage"}, {"name": "subSuite", "value": "TestValidateSignUp"}, {"name": "host", "value": "GGN_PARDEEP_NA_ITDEV"}, {"name": "thread", "value": "14648-MainThread"}, {"name": "framework", "value": "pytest"}, {"name": "language", "value": "cpython3"}, {"name": "package", "value": "TestCases.test_signUpPage"}]}